2022-01-26 02:47:56,384 INFO 1 Files Found 
2022-01-26 02:48:09,388 INFO No txt Files found!
2022-01-26 02:48:17,431 INFO No docx Files found!
2022-01-26 02:48:28,325 INFO only single pdf file is present!
2022-01-26 02:48:41,525 INFO 1 Files Found 
2022-01-26 02:50:39,037 INFO 1 Files Found 
2022-01-26 02:50:50,650 INFO No txt Files found!
2022-01-26 02:50:57,888 INFO No docx Files found!
2022-01-26 02:51:05,001 INFO only single pdf file is present!
2022-01-26 02:53:11,872 INFO 0 Files Found 
2022-01-26 02:53:24,475 INFO 0 Files Found 
2022-01-26 02:54:16,064 INFO 0 Files Found 
2022-01-26 04:03:18,719 INFO 21 Files Found 
2022-01-26 04:03:47,999 INFO 7 Pdf files merged!
2022-01-26 04:11:52,739 INFO 444 Files Found 
2022-01-26 04:12:38,983 INFO 3 Pdf files merged!
2022-01-26 04:16:38,962 INFO 444 Files Found 
2022-01-26 04:17:13,415 INFO 34 files merged!
2022-01-26 04:17:38,757 INFO 8 docx files merged!
2022-01-27 01:17:43,423 INFO 36 Files Found 
2022-01-27 01:18:26,190 INFO 12 Pdf files merged!
2022-01-27 01:18:33,430 INFO 12 files merged!
2022-01-27 01:18:44,009 INFO 12 docx files merged!
2022-01-27 01:19:43,202 INFO 444 Files Found 
2022-01-29 10:15:23,863 INFO 36 Files Found 
2022-01-29 10:15:43,551 INFO 12 Pdf files merged!
2022-01-29 10:16:15,689 INFO 36 Files Found 
2022-01-29 10:16:25,589 INFO 12 files merged!
2022-01-29 10:16:34,465 INFO 12 docx files merged!
